e:\asmjit-master\build_vs2015_x64\debug\asmjit.lib
e:\asmjit-master\build_vs2015_x64\debug\asmjit.exp
e:\asmjit-master\build_vs2015_x64\asmjit.dir\debug\codebuilder.obj
e:\asmjit-master\build_vs2015_x64\asmjit.dir\debug\codeholder.obj
e:\asmjit-master\build_vs2015_x64\asmjit.dir\debug\operand.obj
e:\asmjit-master\build_vs2015_x64\asmjit.dir\debug\runtime.obj
e:\asmjit-master\build_vs2015_x64\asmjit.dir\debug\x86compiler.obj
e:\asmjit-master\build_vs2015_x64\asmjit.dir\debug\x86instimpl.obj
e:\asmjit-master\build_vs2015_x64\asmjit.dir\debug\x86operand.obj
e:\asmjit-master\build_vs2015_x64\asmjit.dir\debug\assembler.obj
e:\asmjit-master\build_vs2015_x64\asmjit.dir\debug\codeemitter.obj
e:\asmjit-master\build_vs2015_x64\asmjit.dir\debug\func.obj
e:\asmjit-master\build_vs2015_x64\asmjit.dir\debug\osutils.obj
e:\asmjit-master\build_vs2015_x64\asmjit.dir\debug\regalloc.obj
e:\asmjit-master\build_vs2015_x64\asmjit.dir\debug\x86builder.obj
e:\asmjit-master\build_vs2015_x64\asmjit.dir\debug\x86inst.obj
e:\asmjit-master\build_vs2015_x64\asmjit.dir\debug\x86logging.obj
e:\asmjit-master\build_vs2015_x64\asmjit.dir\debug\codecompiler.obj
e:\asmjit-master\build_vs2015_x64\asmjit.dir\debug\constpool.obj
e:\asmjit-master\build_vs2015_x64\asmjit.dir\debug\globals.obj
e:\asmjit-master\build_vs2015_x64\asmjit.dir\debug\logging.obj
e:\asmjit-master\build_vs2015_x64\asmjit.dir\debug\utils.obj
e:\asmjit-master\build_vs2015_x64\asmjit.dir\debug\vmem.obj
e:\asmjit-master\build_vs2015_x64\asmjit.dir\debug\x86assembler.obj
e:\asmjit-master\build_vs2015_x64\asmjit.dir\debug\x86regalloc.obj
e:\asmjit-master\build_vs2015_x64\asmjit.dir\debug\arch.obj
e:\asmjit-master\build_vs2015_x64\asmjit.dir\debug\cpuinfo.obj
e:\asmjit-master\build_vs2015_x64\asmjit.dir\debug\inst.obj
e:\asmjit-master\build_vs2015_x64\asmjit.dir\debug\string.obj
e:\asmjit-master\build_vs2015_x64\asmjit.dir\debug\zone.obj
e:\asmjit-master\build_vs2015_x64\asmjit.dir\debug\x86internal.obj
e:\asmjit-master\build_vs2015_x64\asmjit.dir\debug\x86operand_regs.obj
e:\asmjit-master\build_vs2015_x64\asmjit.dir\debug\vc140.pdb
e:\asmjit-master\build_vs2015_x64\cmakefiles\generate.stamp
e:\asmjit-master\build_vs2015_x64\debug\asmjit.dll
e:\asmjit-master\build_vs2015_x64\debug\asmjit.pdb
e:\asmjit-master\build_vs2015_x64\asmjit.dir\debug\asmjit.tlog\asmjit.write.1u.tlog
e:\asmjit-master\build_vs2015_x64\asmjit.dir\debug\asmjit.tlog\cl.command.1.tlog
e:\asmjit-master\build_vs2015_x64\asmjit.dir\debug\asmjit.tlog\cl.read.1.tlog
e:\asmjit-master\build_vs2015_x64\asmjit.dir\debug\asmjit.tlog\cl.write.1.tlog
e:\asmjit-master\build_vs2015_x64\asmjit.dir\debug\asmjit.tlog\custombuild.command.1.tlog
e:\asmjit-master\build_vs2015_x64\asmjit.dir\debug\asmjit.tlog\custombuild.read.1.tlog
e:\asmjit-master\build_vs2015_x64\asmjit.dir\debug\asmjit.tlog\custombuild.write.1.tlog
e:\asmjit-master\build_vs2015_x64\asmjit.dir\debug\asmjit.tlog\link.command.1.tlog
e:\asmjit-master\build_vs2015_x64\asmjit.dir\debug\asmjit.tlog\link.read.1.tlog
e:\asmjit-master\build_vs2015_x64\asmjit.dir\debug\asmjit.tlog\link.write.1.tlog
