  assembler.cpp
  codebuilder.cpp
  codecompiler.cpp
  codeemitter.cpp
e:\asmjit-master\src\asmjit\base\../base/operand.h(1500): warning C4804: “~”: 在操作中使用类型“bool”不安全 (编译源文件 E:\asmjit-master\src\asmjit\base\codebuilder.cpp)
  e:\asmjit-master\src\asmjit\base\../base/operand.h(1527): note: 参见对正在编译的类 模板 实例化“asmjit::TypeIdOfInt<bool>”的引用 (编译源文件 E:\asmjit-master\src\asmjit\base\codebuilder.cpp)
e:\asmjit-master\src\asmjit\base\../base/operand.h(1500): warning C4804: “~”: 在操作中使用类型“bool”不安全 (编译源文件 E:\asmjit-master\src\asmjit\base\codecompiler.cpp)
  e:\asmjit-master\src\asmjit\base\../base/operand.h(1527): note: 参见对正在编译的类 模板 实例化“asmjit::TypeIdOfInt<bool>”的引用 (编译源文件 E:\asmjit-master\src\asmjit\base\codecompiler.cpp)
e:\asmjit-master\src\asmjit\base\../base/operand.h(1500): warning C4804: “<”: 在操作中使用类型“bool”不安全 (编译源文件 E:\asmjit-master\src\asmjit\base\codebuilder.cpp)
e:\asmjit-master\src\asmjit\base\../base/operand.h(1500): warning C4804: “~”: 在操作中使用类型“bool”不安全 (编译源文件 E:\asmjit-master\src\asmjit\base\codeemitter.cpp)
  e:\asmjit-master\src\asmjit\base\../base/operand.h(1527): note: 参见对正在编译的类 模板 实例化“asmjit::TypeIdOfInt<bool>”的引用 (编译源文件 E:\asmjit-master\src\asmjit\base\codeemitter.cpp)
e:\asmjit-master\src\asmjit\base\../base/operand.h(1500): warning C4804: “<”: 在操作中使用类型“bool”不安全 (编译源文件 E:\asmjit-master\src\asmjit\base\codecompiler.cpp)
e:\asmjit-master\src\asmjit\base\../base/operand.h(1500): warning C4804: “<”: 在操作中使用类型“bool”不安全 (编译源文件 E:\asmjit-master\src\asmjit\base\codeemitter.cpp)
e:\asmjit-master\src\asmjit\base\../base/operand.h(1500): warning C4804: “~”: 在操作中使用类型“bool”不安全 (编译源文件 E:\asmjit-master\src\asmjit\base\assembler.cpp)
  e:\asmjit-master\src\asmjit\base\../base/operand.h(1527): note: 参见对正在编译的类 模板 实例化“asmjit::TypeIdOfInt<bool>”的引用 (编译源文件 E:\asmjit-master\src\asmjit\base\assembler.cpp)
e:\asmjit-master\src\asmjit\base\../base/operand.h(1500): warning C4804: “<”: 在操作中使用类型“bool”不安全 (编译源文件 E:\asmjit-master\src\asmjit\base\assembler.cpp)
e:\asmjit-master\src\asmjit\x86\../x86/x86globals.h : warning C4819: 该文件包含不能在当前代码页(936)中表示的字符。请将该文件保存为 Unicode 格式以防止数据丢失 (编译源文件 E:\asmjit-master\src\asmjit\base\codeemitter.cpp)
  codeholder.cpp
  func.cpp
  inst.cpp
  logging.cpp
e:\asmjit-master\src\asmjit\base\../base/operand.h(1500): warning C4804: “~”: 在操作中使用类型“bool”不安全 (编译源文件 E:\asmjit-master\src\asmjit\base\func.cpp)
  e:\asmjit-master\src\asmjit\base\../base/operand.h(1527): note: 参见对正在编译的类 模板 实例化“asmjit::TypeIdOfInt<bool>”的引用 (编译源文件 E:\asmjit-master\src\asmjit\base\func.cpp)
e:\asmjit-master\src\asmjit\base\../base/operand.h(1500): warning C4804: “<”: 在操作中使用类型“bool”不安全 (编译源文件 E:\asmjit-master\src\asmjit\base\func.cpp)
e:\asmjit-master\src\asmjit\base\../base/operand.h(1500): warning C4804: “~”: 在操作中使用类型“bool”不安全 (编译源文件 E:\asmjit-master\src\asmjit\base\codeholder.cpp)
  e:\asmjit-master\src\asmjit\base\../base/operand.h(1527): note: 参见对正在编译的类 模板 实例化“asmjit::TypeIdOfInt<bool>”的引用 (编译源文件 E:\asmjit-master\src\asmjit\base\codeholder.cpp)
e:\asmjit-master\src\asmjit\base\../base/operand.h(1500): warning C4804: “<”: 在操作中使用类型“bool”不安全 (编译源文件 E:\asmjit-master\src\asmjit\base\codeholder.cpp)
e:\asmjit-master\src\asmjit\base\../base/operand.h(1500): warning C4804: “~”: 在操作中使用类型“bool”不安全 (编译源文件 E:\asmjit-master\src\asmjit\base\inst.cpp)
  e:\asmjit-master\src\asmjit\base\../base/operand.h(1527): note: 参见对正在编译的类 模板 实例化“asmjit::TypeIdOfInt<bool>”的引用 (编译源文件 E:\asmjit-master\src\asmjit\base\inst.cpp)
e:\asmjit-master\src\asmjit\base\../base/operand.h(1500): warning C4804: “<”: 在操作中使用类型“bool”不安全 (编译源文件 E:\asmjit-master\src\asmjit\base\inst.cpp)
e:\asmjit-master\src\asmjit\base\../base/operand.h(1500): warning C4804: “~”: 在操作中使用类型“bool”不安全 (编译源文件 E:\asmjit-master\src\asmjit\base\logging.cpp)
  e:\asmjit-master\src\asmjit\base\../base/operand.h(1527): note: 参见对正在编译的类 模板 实例化“asmjit::TypeIdOfInt<bool>”的引用 (编译源文件 E:\asmjit-master\src\asmjit\base\logging.cpp)
e:\asmjit-master\src\asmjit\base\../base/operand.h(1500): warning C4804: “<”: 在操作中使用类型“bool”不安全 (编译源文件 E:\asmjit-master\src\asmjit\base\logging.cpp)
e:\asmjit-master\src\asmjit\x86\../x86/x86globals.h : warning C4819: 该文件包含不能在当前代码页(936)中表示的字符。请将该文件保存为 Unicode 格式以防止数据丢失 (编译源文件 E:\asmjit-master\src\asmjit\base\func.cpp)
e:\asmjit-master\src\asmjit\x86\../x86/x86globals.h : warning C4819: 该文件包含不能在当前代码页(936)中表示的字符。请将该文件保存为 Unicode 格式以防止数据丢失 (编译源文件 E:\asmjit-master\src\asmjit\base\inst.cpp)
  regalloc.cpp
e:\asmjit-master\src\asmjit\x86\../x86/x86globals.h : warning C4819: 该文件包含不能在当前代码页(936)中表示的字符。请将该文件保存为 Unicode 格式以防止数据丢失 (编译源文件 E:\asmjit-master\src\asmjit\base\logging.cpp)
  runtime.cpp
  x86assembler.cpp
e:\asmjit-master\src\asmjit\base\../base/operand.h(1500): warning C4804: “~”: 在操作中使用类型“bool”不安全 (编译源文件 E:\asmjit-master\src\asmjit\base\regalloc.cpp)
  e:\asmjit-master\src\asmjit\base\../base/operand.h(1527): note: 参见对正在编译的类 模板 实例化“asmjit::TypeIdOfInt<bool>”的引用 (编译源文件 E:\asmjit-master\src\asmjit\base\regalloc.cpp)
e:\asmjit-master\src\asmjit\base\../base/operand.h(1500): warning C4804: “<”: 在操作中使用类型“bool”不安全 (编译源文件 E:\asmjit-master\src\asmjit\base\regalloc.cpp)
e:\asmjit-master\src\asmjit\base\../base/operand.h(1500): warning C4804: “~”: 在操作中使用类型“bool”不安全 (编译源文件 E:\asmjit-master\src\asmjit\x86\x86assembler.cpp)
  e:\asmjit-master\src\asmjit\base\../base/operand.h(1527): note: 参见对正在编译的类 模板 实例化“asmjit::TypeIdOfInt<bool>”的引用 (编译源文件 E:\asmjit-master\src\asmjit\x86\x86assembler.cpp)
e:\asmjit-master\src\asmjit\base\../base/operand.h(1500): warning C4804: “<”: 在操作中使用类型“bool”不安全 (编译源文件 E:\asmjit-master\src\asmjit\x86\x86assembler.cpp)
e:\asmjit-master\src\asmjit\base\../base/operand.h(1500): warning C4804: “~”: 在操作中使用类型“bool”不安全 (编译源文件 E:\asmjit-master\src\asmjit\base\runtime.cpp)
  e:\asmjit-master\src\asmjit\base\../base/operand.h(1527): note: 参见对正在编译的类 模板 实例化“asmjit::TypeIdOfInt<bool>”的引用 (编译源文件 E:\asmjit-master\src\asmjit\base\runtime.cpp)
e:\asmjit-master\src\asmjit\base\../base/operand.h(1500): warning C4804: “<”: 在操作中使用类型“bool”不安全 (编译源文件 E:\asmjit-master\src\asmjit\base\runtime.cpp)
e:\asmjit-master\src\asmjit\x86\../x86/x86globals.h : warning C4819: 该文件包含不能在当前代码页(936)中表示的字符。请将该文件保存为 Unicode 格式以防止数据丢失 (编译源文件 E:\asmjit-master\src\asmjit\x86\x86assembler.cpp)
  x86builder.cpp
  x86compiler.cpp
  x86inst.cpp
e:\asmjit-master\src\asmjit\base\../base/operand.h(1500): warning C4804: “~”: 在操作中使用类型“bool”不安全 (编译源文件 E:\asmjit-master\src\asmjit\x86\x86builder.cpp)
  e:\asmjit-master\src\asmjit\base\../base/operand.h(1527): note: 参见对正在编译的类 模板 实例化“asmjit::TypeIdOfInt<bool>”的引用 (编译源文件 E:\asmjit-master\src\asmjit\x86\x86builder.cpp)
e:\asmjit-master\src\asmjit\base\../base/operand.h(1500): warning C4804: “<”: 在操作中使用类型“bool”不安全 (编译源文件 E:\asmjit-master\src\asmjit\x86\x86builder.cpp)
e:\asmjit-master\src\asmjit\base\../base/operand.h(1500): warning C4804: “~”: 在操作中使用类型“bool”不安全 (编译源文件 E:\asmjit-master\src\asmjit\x86\x86compiler.cpp)
  e:\asmjit-master\src\asmjit\base\../base/operand.h(1527): note: 参见对正在编译的类 模板 实例化“asmjit::TypeIdOfInt<bool>”的引用 (编译源文件 E:\asmjit-master\src\asmjit\x86\x86compiler.cpp)
e:\asmjit-master\src\asmjit\base\../base/operand.h(1500): warning C4804: “<”: 在操作中使用类型“bool”不安全 (编译源文件 E:\asmjit-master\src\asmjit\x86\x86compiler.cpp)
e:\asmjit-master\src\asmjit\x86\../x86/x86globals.h : warning C4819: 该文件包含不能在当前代码页(936)中表示的字符。请将该文件保存为 Unicode 格式以防止数据丢失 (编译源文件 E:\asmjit-master\src\asmjit\x86\x86builder.cpp)
e:\asmjit-master\src\asmjit\x86\../x86/x86globals.h : warning C4819: 该文件包含不能在当前代码页(936)中表示的字符。请将该文件保存为 Unicode 格式以防止数据丢失 (编译源文件 E:\asmjit-master\src\asmjit\x86\x86compiler.cpp)
e:\asmjit-master\src\asmjit\base\../base/operand.h(1500): warning C4804: “~”: 在操作中使用类型“bool”不安全 (编译源文件 E:\asmjit-master\src\asmjit\x86\x86inst.cpp)
  e:\asmjit-master\src\asmjit\base\../base/operand.h(1527): note: 参见对正在编译的类 模板 实例化“asmjit::TypeIdOfInt<bool>”的引用 (编译源文件 E:\asmjit-master\src\asmjit\x86\x86inst.cpp)
e:\asmjit-master\src\asmjit\base\../base/operand.h(1500): warning C4804: “<”: 在操作中使用类型“bool”不安全 (编译源文件 E:\asmjit-master\src\asmjit\x86\x86inst.cpp)
e:\asmjit-master\src\asmjit\x86\../x86/x86globals.h : warning C4819: 该文件包含不能在当前代码页(936)中表示的字符。请将该文件保存为 Unicode 格式以防止数据丢失 (编译源文件 E:\asmjit-master\src\asmjit\x86\x86inst.cpp)
E:\asmjit-master\src\asmjit\x86\x86inst.cpp(2444): warning C4838: 从“int”转换到“uint32_t”需要收缩转换
  x86instimpl.cpp
e:\asmjit-master\src\asmjit\base\../base/operand.h(1500): warning C4804: “~”: 在操作中使用类型“bool”不安全 (编译源文件 E:\asmjit-master\src\asmjit\x86\x86instimpl.cpp)
  e:\asmjit-master\src\asmjit\base\../base/operand.h(1527): note: 参见对正在编译的类 模板 实例化“asmjit::TypeIdOfInt<bool>”的引用 (编译源文件 E:\asmjit-master\src\asmjit\x86\x86instimpl.cpp)
e:\asmjit-master\src\asmjit\base\../base/operand.h(1500): warning C4804: “<”: 在操作中使用类型“bool”不安全 (编译源文件 E:\asmjit-master\src\asmjit\x86\x86instimpl.cpp)
e:\asmjit-master\src\asmjit\x86\../x86/x86globals.h : warning C4819: 该文件包含不能在当前代码页(936)中表示的字符。请将该文件保存为 Unicode 格式以防止数据丢失 (编译源文件 E:\asmjit-master\src\asmjit\x86\x86instimpl.cpp)
E:\asmjit-master\src\asmjit\x86\x86instimpl.cpp(113): warning C4838: 从“”转换到“uint32_t”需要收缩转换
  x86internal.cpp
e:\asmjit-master\src\asmjit\base\../base/operand.h(1500): warning C4804: “~”: 在操作中使用类型“bool”不安全 (编译源文件 E:\asmjit-master\src\asmjit\x86\x86internal.cpp)
  e:\asmjit-master\src\asmjit\base\../base/operand.h(1527): note: 参见对正在编译的类 模板 实例化“asmjit::TypeIdOfInt<bool>”的引用 (编译源文件 E:\asmjit-master\src\asmjit\x86\x86internal.cpp)
e:\asmjit-master\src\asmjit\base\../base/operand.h(1500): warning C4804: “<”: 在操作中使用类型“bool”不安全 (编译源文件 E:\asmjit-master\src\asmjit\x86\x86internal.cpp)
  x86logging.cpp
e:\asmjit-master\src\asmjit\x86\../x86/x86globals.h : warning C4819: 该文件包含不能在当前代码页(936)中表示的字符。请将该文件保存为 Unicode 格式以防止数据丢失 (编译源文件 E:\asmjit-master\src\asmjit\x86\x86internal.cpp)
  x86regalloc.cpp
e:\asmjit-master\src\asmjit\base\../base/operand.h(1500): warning C4804: “~”: 在操作中使用类型“bool”不安全 (编译源文件 E:\asmjit-master\src\asmjit\x86\x86logging.cpp)
  e:\asmjit-master\src\asmjit\base\../base/operand.h(1527): note: 参见对正在编译的类 模板 实例化“asmjit::TypeIdOfInt<bool>”的引用 (编译源文件 E:\asmjit-master\src\asmjit\x86\x86logging.cpp)
e:\asmjit-master\src\asmjit\base\../base/operand.h(1500): warning C4804: “<”: 在操作中使用类型“bool”不安全 (编译源文件 E:\asmjit-master\src\asmjit\x86\x86logging.cpp)
e:\asmjit-master\src\asmjit\base\../base/operand.h(1500): warning C4804: “~”: 在操作中使用类型“bool”不安全 (编译源文件 E:\asmjit-master\src\asmjit\x86\x86regalloc.cpp)
  e:\asmjit-master\src\asmjit\base\../base/operand.h(1527): note: 参见对正在编译的类 模板 实例化“asmjit::TypeIdOfInt<bool>”的引用 (编译源文件 E:\asmjit-master\src\asmjit\x86\x86regalloc.cpp)
e:\asmjit-master\src\asmjit\base\../base/operand.h(1500): warning C4804: “<”: 在操作中使用类型“bool”不安全 (编译源文件 E:\asmjit-master\src\asmjit\x86\x86regalloc.cpp)
e:\asmjit-master\src\asmjit\x86\../x86/x86globals.h : warning C4819: 该文件包含不能在当前代码页(936)中表示的字符。请将该文件保存为 Unicode 格式以防止数据丢失 (编译源文件 E:\asmjit-master\src\asmjit\x86\x86logging.cpp)
e:\asmjit-master\src\asmjit\x86\../x86/x86globals.h : warning C4819: 该文件包含不能在当前代码页(936)中表示的字符。请将该文件保存为 Unicode 格式以防止数据丢失 (编译源文件 E:\asmjit-master\src\asmjit\x86\x86regalloc.cpp)
LINK : warning LNK4075: 忽略“/INCREMENTAL”(由于“/OPT:ICF”规范)
    正在创建库 E:/asmjit-master/build_vs2015_x64/Debug/asmjit.lib 和对象 E:/asmjit-master/build_vs2015_x64/Debug/asmjit.exp
  asmjit.vcxproj -> E:\asmjit-master\build_vs2015_x64\Debug\asmjit.dll
  asmjit.vcxproj -> E:/asmjit-master/build_vs2015_x64/Debug/asmjit.pdb (Full PDB)
